2025-10-28 08:19:21,475 [INFO] Activator:176 - 


2025-10-28 08:19:21,489 [INFO] Activator:177 - !SESSION log4j initialized
2025-10-28 08:19:35,953 [INFO] LogOutputStream:77 - [STDOUT_REDIRECT] 
2025-10-28 08:19:38,363 [INFO] ApplicationProperties:184 - Using Application install path: C:\ST\STM32CubeIDE_1.19.0\STM32CubeIDE\plugins\com.st.stm32cube.common.mx_6.15.0.202507011659
2025-10-28 08:19:38,420 [INFO] DbMcusXml:78 - Set database path to: C:\ST\STM32CubeIDE_1.19.0\STM32CubeIDE\plugins\com.st.stm32cube.common.mx_6.15.0.202507011659\\db\/mcu/
2025-10-28 08:19:38,420 [INFO] ApiDb:274 - Set plugin database path to: C:\ST\STM32CubeIDE_1.19.0\STM32CubeIDE\plugins\com.st.stm32cube.common.mx_6.15.0.202507011659\\db\/plugins/boardmanager/
2025-10-28 08:19:38,425 [WARN] ApiDb:259 - Overriding images path with different value:  => C:\ST\STM32CubeIDE_1.19.0\STM32CubeIDE\plugins\com.st.stm32cube.common.mx_6.15.0.202507011659\\db\/plugins/mcufinder/images/
2025-10-28 08:19:38,454 [INFO] ApiDb:250 - Set database path to: C:\Users\VAISHNAVI\.stmcufinder\plugins\mcufinder//mcu/
2025-10-28 08:19:38,454 [INFO] DbMcusAds:125 - Set database path to: C:\Users\VAISHNAVI\.stmcufinder\plugins\mcufinder//mcu/
2025-10-28 08:19:38,464 [INFO] CrossReferenceDbSqlite:203 - Set database path to: C:\Users\VAISHNAVI\.stmcufinder\plugins\mcufinder//mcu/cs/
2025-10-28 08:19:38,841 [INFO] RulesReader:64 - Compatibility file has been processed (317 Rules)
2025-10-28 08:19:39,057 [INFO] DbMcusXml:78 - Set database path to: C:\ST\STM32CubeIDE_1.19.0\STM32CubeIDE\plugins\com.st.stm32cube.common.mx_6.15.0.202507011659\\db\/mcu/
2025-10-28 08:19:39,057 [INFO] ApiDb:274 - Set plugin database path to: C:\ST\STM32CubeIDE_1.19.0\STM32CubeIDE\plugins\com.st.stm32cube.common.mx_6.15.0.202507011659\\db\/plugins/boardmanager/
2025-10-28 08:19:39,057 [INFO] ApiDb:261 - Set plugin images path to: C:\ST\STM32CubeIDE_1.19.0\STM32CubeIDE\plugins\com.st.stm32cube.common.mx_6.15.0.202507011659\\db\/plugins/mcufinder/images/
2025-10-28 08:19:39,057 [WARN] DbFile:41 - Overriding database path with different value: C:\Users\VAISHNAVI\.stmcufinder\plugins\mcufinder/ => C:\Users\VAISHNAVI\.stmcufinder\plugins\mcufinder
2025-10-28 08:19:39,057 [INFO] ApiDb:250 - Set database path to: C:\Users\VAISHNAVI\.stmcufinder\plugins\mcufinder//mcu/
2025-10-28 08:19:39,057 [WARN] DbFile:41 - Overriding database path with different value: C:\Users\VAISHNAVI\.stmcufinder\plugins\mcufinder/ => C:\Users\VAISHNAVI\.stmcufinder\plugins\mcufinder
2025-10-28 08:19:39,057 [INFO] DbMcusAds:125 - Set database path to: C:\Users\VAISHNAVI\.stmcufinder\plugins\mcufinder//mcu/
2025-10-28 08:19:39,057 [WARN] DbFile:41 - Overriding database path with different value: C:\Users\VAISHNAVI\.stmcufinder\plugins\mcufinder/ => C:\Users\VAISHNAVI\.stmcufinder\plugins\mcufinder
2025-10-28 08:19:39,057 [WARN] DbFile:41 - Overriding database path with different value: C:\Users\VAISHNAVI\.stmcufinder\plugins\mcufinder/ => C:\Users\VAISHNAVI\.stmcufinder\plugins\mcufinder
2025-10-28 08:19:39,057 [INFO] CrossReferenceDbSqlite:203 - Set database path to: C:\Users\VAISHNAVI\.stmcufinder\plugins\mcufinder//mcu/cs/
2025-10-28 08:19:39,278 [INFO] MainPanel:274 - HeapMemory: 268435456
2025-10-28 08:19:39,594 [INFO] DbMcusXml:78 - Set database path to: C:\ST\STM32CubeIDE_1.19.0\STM32CubeIDE\plugins\com.st.stm32cube.common.mx_6.15.0.202507011659\\db\/mcu/
2025-10-28 08:19:39,594 [INFO] ApiDb:274 - Set plugin database path to: C:\ST\STM32CubeIDE_1.19.0\STM32CubeIDE\plugins\com.st.stm32cube.common.mx_6.15.0.202507011659\\db\/plugins/boardmanager/
2025-10-28 08:19:39,598 [INFO] ApiDb:261 - Set plugin images path to: C:\ST\STM32CubeIDE_1.19.0\STM32CubeIDE\plugins\com.st.stm32cube.common.mx_6.15.0.202507011659\\db\/plugins/mcufinder/images/
2025-10-28 08:19:39,598 [WARN] DbFile:41 - Overriding database path with different value: C:\Users\VAISHNAVI\.stmcufinder\plugins\mcufinder/ => C:\Users\VAISHNAVI\.stmcufinder\plugins\mcufinder
2025-10-28 08:19:39,598 [INFO] ApiDb:250 - Set database path to: C:\Users\VAISHNAVI\.stmcufinder\plugins\mcufinder//mcu/
2025-10-28 08:19:39,598 [WARN] DbFile:41 - Overriding database path with different value: C:\Users\VAISHNAVI\.stmcufinder\plugins\mcufinder/ => C:\Users\VAISHNAVI\.stmcufinder\plugins\mcufinder
2025-10-28 08:19:39,598 [INFO] DbMcusAds:125 - Set database path to: C:\Users\VAISHNAVI\.stmcufinder\plugins\mcufinder//mcu/
2025-10-28 08:19:39,598 [WARN] DbFile:41 - Overriding database path with different value: C:\Users\VAISHNAVI\.stmcufinder\plugins\mcufinder/ => C:\Users\VAISHNAVI\.stmcufinder\plugins\mcufinder
2025-10-28 08:19:39,598 [WARN] DbFile:41 - Overriding database path with different value: C:\Users\VAISHNAVI\.stmcufinder\plugins\mcufinder/ => C:\Users\VAISHNAVI\.stmcufinder\plugins\mcufinder
2025-10-28 08:19:39,598 [INFO] CrossReferenceDbSqlite:203 - Set database path to: C:\Users\VAISHNAVI\.stmcufinder\plugins\mcufinder//mcu/cs/
2025-10-28 08:19:39,647 [INFO] ApplicationProperties:184 - Using Application install path: C:\ST\STM32CubeIDE_1.19.0\STM32CubeIDE\plugins\com.st.stm32cube.common.mx_6.15.0.202507011659
2025-10-28 08:19:39,655 [INFO] PluginManage:196 - Search for loadable plugins [exclusion list=, ]
2025-10-28 08:19:39,655 [INFO] PluginManage:310 - Check plugin analytics
2025-10-28 08:19:40,264 [INFO] AnalyticsPlugin:253 - Accepted Software Licenses: 
2025-10-28 08:19:40,264 [INFO] AnalyticsPlugin:255 - Accepted CMSIS Pack Licenses: 
2025-10-28 08:19:40,264 [INFO] AnalyticsPlugin:257 - Accepted Firmware Licenses: FW.F4.1.28.0
2025-10-28 08:19:40,267 [INFO] PluginManage:359 - Loaded plugin analytics (category:tool,tabindex:-1)
2025-10-28 08:19:40,273 [INFO] PluginManage:310 - Check plugin cadmodel
2025-10-28 08:19:40,289 [INFO] CADModel:105 - Init CAD model plugin
2025-10-28 08:19:40,289 [INFO] PluginManage:359 - Loaded plugin cadmodel (category:power,tabindex:5)
2025-10-28 08:19:40,289 [INFO] PluginManage:310 - Check plugin clock
2025-10-28 08:19:40,314 [INFO] PluginManage:359 - Loaded plugin clock (category:base,tabindex:2)
2025-10-28 08:19:40,314 [INFO] PluginManage:310 - Check plugin ddr
2025-10-28 08:19:40,316 [INFO] PluginManage:359 - Loaded plugin ddr (category:tool,tabindex:6)
2025-10-28 08:19:40,316 [INFO] PluginManage:310 - Check plugin filemanager
2025-10-28 08:19:40,703 [INFO] PluginManage:359 - Loaded plugin filemanager (category:base,tabindex:10)
2025-10-28 08:19:40,703 [INFO] PluginManage:310 - Check plugin ipmanager
2025-10-28 08:19:40,723 [INFO] PluginManage:359 - Loaded plugin ipmanager (category:base,tabindex:5)
2025-10-28 08:19:40,723 [INFO] PluginManage:310 - Check plugin lpbam
2025-10-28 08:19:40,745 [INFO] PluginManage:359 - Loaded plugin lpbam (category:base,tabindex:0)
2025-10-28 08:19:40,745 [INFO] PluginManage:310 - Check plugin memorymap
2025-10-28 08:19:40,786 [INFO] PluginManage:359 - Loaded plugin memorymap (category:base,tabindex:4)
2025-10-28 08:19:40,786 [INFO] PluginManage:310 - Check plugin pinoutandconfiguration
2025-10-28 08:19:40,818 [INFO] PluginManage:359 - Loaded plugin pinoutandconfiguration (category:base,tabindex:1)
2025-10-28 08:19:40,818 [INFO] PluginManage:310 - Check plugin pinoutconfig
2025-10-28 08:19:41,048 [WARN] SupportedApi:132 - Cannot load RTOS API schema: s4s-elt-must-match.1: The content of 'definitions' must match (annotation?, (simpleType | complexType)?, (unique | key | keyref)*)). A problem was found starting at: attribute.
2025-10-28 08:19:41,414 [INFO] PluginManage:359 - Loaded plugin pinoutconfig (category:base,tabindex:0)
2025-10-28 08:19:41,414 [INFO] PluginManage:310 - Check plugin power
2025-10-28 08:19:41,437 [INFO] PluginManage:359 - Loaded plugin power (category:power,tabindex:4)
2025-10-28 08:19:41,440 [INFO] PluginManage:310 - Check plugin projectmanager
2025-10-28 08:19:41,484 [INFO] PluginManage:359 - Loaded plugin projectmanager (category:projectmanager,tabindex:4)
2025-10-28 08:19:41,486 [INFO] PluginManage:310 - Check plugin rif
2025-10-28 08:19:41,513 [INFO] PluginManage:359 - Loaded plugin rif (category:base,tabindex:3)
2025-10-28 08:19:41,513 [INFO] PluginManage:310 - Check plugin thirdparty
2025-10-28 08:19:41,954 [INFO] PluginManage:359 - Loaded plugin thirdparty (category:base,tabindex:-1)
2025-10-28 08:19:41,954 [WARN] IntegrityCheckThread:84 - waiting for thirdparty lock release [integrity check]
2025-10-28 08:19:41,954 [INFO] PluginManage:310 - Check plugin tools
2025-10-28 08:19:41,954 [INFO] IntegrityCheckThread:86 - entering critical section [integrity check]
2025-10-28 08:19:41,954 [INFO] ThirdPartyUpdaterWithRetryManager:70 - Updater plugin not ready yet. [1/15]
2025-10-28 08:19:41,964 [INFO] PluginManage:359 - Loaded plugin tools (category:base,tabindex:7)
2025-10-28 08:19:41,964 [INFO] PluginManage:310 - Check plugin tutovideos
2025-10-28 08:19:42,549 [INFO] PluginManage:359 - Loaded plugin tutovideos (category:base,tabindex:-1)
2025-10-28 08:19:42,549 [INFO] PluginManage:310 - Check plugin updater
2025-10-28 08:19:42,604 [INFO] PluginManage:359 - Loaded plugin updater (category:base,tabindex:12)
2025-10-28 08:19:42,604 [INFO] PluginManage:310 - Check plugin userauth
2025-10-28 08:19:42,614 [INFO] UserAuth:118 - Init User Auth plugin
2025-10-28 08:19:42,615 [INFO] PluginManage:359 - Loaded plugin userauth (category:base,tabindex:14)
2025-10-28 08:19:42,617 [INFO] PluginManage:283 - PluginManage : Loaded plugins [18]
2025-10-28 08:19:43,166 [INFO] PinOutPanel:1589 - setPackage(No Configuration,No Configuration)
2025-10-28 08:19:43,403 [INFO] CADModel:165 - CPN selected for project level
2025-10-28 08:19:43,405 [INFO] CADModel:114 - Register for checkConnection events
2025-10-28 08:19:43,454 [INFO] IPUIPlugin:80 - create IPUIPlugin
2025-10-28 08:19:43,454 [INFO] PluginManager:220 - loadIPPluginJar : add adc
2025-10-28 08:19:43,468 [INFO] IPUIPlugin:80 - create IPUIPlugin
2025-10-28 08:19:43,468 [INFO] PluginManager:220 - loadIPPluginJar : add aes
2025-10-28 08:19:43,476 [INFO] IPUIPlugin:80 - create IPUIPlugin
2025-10-28 08:19:43,476 [INFO] PluginManager:220 - loadIPPluginJar : add can
2025-10-28 08:19:43,484 [INFO] IPUIPlugin:80 - create IPUIPlugin
2025-10-28 08:19:43,484 [INFO] PluginManager:220 - loadIPPluginJar : add comp
2025-10-28 08:19:43,498 [INFO] IPUIPlugin:80 - create IPUIPlugin
2025-10-28 08:19:43,498 [INFO] PluginManager:220 - loadIPPluginJar : add cryp
2025-10-28 08:19:43,510 [INFO] IPUIPlugin:80 - create IPUIPlugin
2025-10-28 08:19:43,510 [INFO] PluginManager:220 - loadIPPluginJar : add ddr_ctrl_phy
2025-10-28 08:19:43,517 [INFO] IPUIPlugin:80 - create IPUIPlugin
2025-10-28 08:19:43,517 [INFO] PluginManager:220 - loadIPPluginJar : add dfsdm
2025-10-28 08:19:43,534 [INFO] IPUIPlugin:80 - create IPUIPlugin
2025-10-28 08:19:43,534 [INFO] PluginManager:220 - loadIPPluginJar : add dma
2025-10-28 08:19:43,543 [INFO] IPUIPlugin:80 - create IPUIPlugin
2025-10-28 08:19:43,549 [INFO] PluginManager:220 - loadIPPluginJar : add dma3
2025-10-28 08:19:43,558 [INFO] IPUIPlugin:80 - create IPUIPlugin
2025-10-28 08:19:43,558 [INFO] PluginManager:220 - loadIPPluginJar : add extmemmanager
2025-10-28 08:19:43,566 [INFO] IPUIPlugin:80 - create IPUIPlugin
2025-10-28 08:19:43,566 [INFO] PluginManager:220 - loadIPPluginJar : add fatfs
2025-10-28 08:19:43,581 [INFO] IPUIPlugin:80 - create IPUIPlugin
2025-10-28 08:19:43,581 [INFO] PluginManager:220 - loadIPPluginJar : add fmc
2025-10-28 08:19:43,599 [INFO] IPUIPlugin:80 - create IPUIPlugin
2025-10-28 08:19:43,599 [INFO] PluginManager:220 - loadIPPluginJar : add freertos
2025-10-28 08:19:43,603 [INFO] IPUIPlugin:80 - create IPUIPlugin
2025-10-28 08:19:43,603 [INFO] PluginManager:220 - loadIPPluginJar : add genericplugin
2025-10-28 08:19:43,614 [INFO] IPUIPlugin:80 - create IPUIPlugin
2025-10-28 08:19:43,614 [INFO] PluginManager:220 - loadIPPluginJar : add gfxmmu
2025-10-28 08:19:43,627 [INFO] IPUIPlugin:80 - create IPUIPlugin
2025-10-28 08:19:43,627 [INFO] PluginManager:220 - loadIPPluginJar : add gic
2025-10-28 08:19:43,641 [INFO] IPUIPlugin:80 - create IPUIPlugin
2025-10-28 08:19:43,641 [INFO] PluginManager:220 - loadIPPluginJar : add gpio
2025-10-28 08:19:43,654 [INFO] IPUIPlugin:80 - create IPUIPlugin
2025-10-28 08:19:43,654 [INFO] PluginManager:220 - loadIPPluginJar : add gtzc
2025-10-28 08:19:43,664 [INFO] IPUIPlugin:80 - create IPUIPlugin
2025-10-28 08:19:43,664 [INFO] PluginManager:220 - loadIPPluginJar : add hash
2025-10-28 08:19:43,674 [INFO] IPUIPlugin:80 - create IPUIPlugin
2025-10-28 08:19:43,674 [INFO] PluginManager:220 - loadIPPluginJar : add i2c
2025-10-28 08:19:43,684 [INFO] IPUIPlugin:80 - create IPUIPlugin
2025-10-28 08:19:43,684 [INFO] PluginManager:220 - loadIPPluginJar : add i2s
2025-10-28 08:19:43,691 [INFO] IPUIPlugin:80 - create IPUIPlugin
2025-10-28 08:19:43,691 [INFO] PluginManager:220 - loadIPPluginJar : add i3c
2025-10-28 08:19:43,704 [INFO] IPUIPlugin:80 - create IPUIPlugin
2025-10-28 08:19:43,704 [INFO] PluginManager:220 - loadIPPluginJar : add ipddr
2025-10-28 08:19:43,726 [INFO] IPUIPlugin:80 - create IPUIPlugin
2025-10-28 08:19:43,726 [INFO] PluginManager:220 - loadIPPluginJar : add linkedlist
2025-10-28 08:19:43,733 [INFO] IPUIPlugin:80 - create IPUIPlugin
2025-10-28 08:19:43,733 [INFO] PluginManager:220 - loadIPPluginJar : add lorawan
2025-10-28 08:19:43,733 [INFO] IPUIPlugin:80 - create IPUIPlugin
2025-10-28 08:19:43,733 [INFO] PluginManager:220 - loadIPPluginJar : add ltdc
2025-10-28 08:19:43,761 [INFO] IPUIPlugin:80 - create IPUIPlugin
2025-10-28 08:19:43,761 [INFO] PluginManager:220 - loadIPPluginJar : add mdma
2025-10-28 08:19:43,769 [INFO] IPUIPlugin:80 - create IPUIPlugin
2025-10-28 08:19:43,774 [INFO] PluginManager:220 - loadIPPluginJar : add nvic
2025-10-28 08:19:43,784 [INFO] IPUIPlugin:80 - create IPUIPlugin
2025-10-28 08:19:43,784 [INFO] PluginManager:220 - loadIPPluginJar : add opamp
2025-10-28 08:19:43,794 [INFO] IPUIPlugin:80 - create IPUIPlugin
2025-10-28 08:19:43,794 [INFO] PluginManager:220 - loadIPPluginJar : add openamp
2025-10-28 08:19:43,803 [INFO] IPUIPlugin:80 - create IPUIPlugin
2025-10-28 08:19:43,803 [INFO] PluginManager:220 - loadIPPluginJar : add pdm2pcm
2025-10-28 08:19:43,818 [INFO] IPUIPlugin:80 - create IPUIPlugin
2025-10-28 08:19:43,830 [INFO] PluginManager:220 - loadIPPluginJar : add plateformsettings
2025-10-28 08:19:43,835 [INFO] IPUIPlugin:80 - create IPUIPlugin
2025-10-28 08:19:43,835 [INFO] PluginManager:220 - loadIPPluginJar : add quadspi
2025-10-28 08:19:43,844 [INFO] IPUIPlugin:80 - create IPUIPlugin
2025-10-28 08:19:43,847 [INFO] PluginManager:220 - loadIPPluginJar : add radio
2025-10-28 08:19:43,860 [INFO] IPUIPlugin:80 - create IPUIPlugin
2025-10-28 08:19:43,860 [INFO] PluginManager:220 - loadIPPluginJar : add resmgrutility
2025-10-28 08:19:43,873 [INFO] IPUIPlugin:80 - create IPUIPlugin
2025-10-28 08:19:43,873 [INFO] PluginManager:220 - loadIPPluginJar : add sai
2025-10-28 08:19:43,883 [INFO] IPUIPlugin:80 - create IPUIPlugin
2025-10-28 08:19:43,883 [INFO] PluginManager:220 - loadIPPluginJar : add spi
2025-10-28 08:19:43,905 [INFO] IPUIPlugin:80 - create IPUIPlugin
2025-10-28 08:19:43,905 [INFO] PluginManager:220 - loadIPPluginJar : add stm32_wpan
2025-10-28 08:19:43,914 [INFO] IPUIPlugin:80 - create IPUIPlugin
2025-10-28 08:19:43,914 [INFO] PluginManager:220 - loadIPPluginJar : add tim
2025-10-28 08:19:43,928 [INFO] IPUIPlugin:80 - create IPUIPlugin
2025-10-28 08:19:43,930 [INFO] PluginManager:220 - loadIPPluginJar : add touchsensing
2025-10-28 08:19:43,938 [INFO] IPUIPlugin:80 - create IPUIPlugin
2025-10-28 08:19:43,938 [INFO] PluginManager:220 - loadIPPluginJar : add tracer_emb
2025-10-28 08:19:43,944 [INFO] IPUIPlugin:80 - create IPUIPlugin
2025-10-28 08:19:43,946 [INFO] PluginManager:220 - loadIPPluginJar : add ts
2025-10-28 08:19:43,952 [INFO] IPUIPlugin:80 - create IPUIPlugin
2025-10-28 08:19:43,954 [INFO] PluginManager:220 - loadIPPluginJar : add tsc
2025-10-28 08:19:43,962 [INFO] IPUIPlugin:80 - create IPUIPlugin
2025-10-28 08:19:43,962 [INFO] PluginManager:220 - loadIPPluginJar : add ucpd
2025-10-28 08:19:43,972 [INFO] IPUIPlugin:80 - create IPUIPlugin
2025-10-28 08:19:43,973 [INFO] PluginManager:220 - loadIPPluginJar : add usart
2025-10-28 08:19:43,986 [INFO] IPUIPlugin:80 - create IPUIPlugin
2025-10-28 08:19:43,988 [INFO] PluginManager:220 - loadIPPluginJar : add usbx
2025-10-28 08:19:44,223 [FATAL] Updater:351 - Updater called before beeing initialized
2025-10-28 08:19:44,296 [INFO] RulesReader:64 - Compatibility file has been processed (317 Rules)
2025-10-28 08:19:44,334 [INFO] RulesReader:64 - Compatibility file has been processed (317 Rules)
2025-10-28 08:19:44,355 [INFO] CADModel:165 - CPN selected for project level
2025-10-28 08:19:44,355 [INFO] CADModel:114 - Register for checkConnection events
2025-10-28 08:19:44,355 [FATAL] Updater:351 - Updater called before beeing initialized
2025-10-28 08:19:44,355 [ERROR] CADModel:125 - Updater not yet initialized, retry later 
2025-10-28 08:19:44,753 [FATAL] Updater:351 - Updater called before beeing initialized
2025-10-28 08:19:44,755 [INFO] CADModel:165 - CPN selected for project level
2025-10-28 08:19:44,755 [INFO] CADModel:114 - Register for checkConnection events
2025-10-28 08:19:44,755 [FATAL] Updater:351 - Updater called before beeing initialized
2025-10-28 08:19:44,755 [ERROR] CADModel:125 - Updater not yet initialized, retry later 
2025-10-28 08:19:44,764 [FATAL] Updater:351 - Updater called before beeing initialized
2025-10-28 08:19:44,961 [INFO] ThirdPartyUpdaterWithRetryManager:70 - Updater plugin not ready yet. [2/15]
2025-10-28 08:19:45,044 [FATAL] Updater:351 - Updater called before beeing initialized
2025-10-28 08:19:45,060 [INFO] DbMcusAds:53 - JSON generation date=Thu Oct 02 15:06:05 IST 2025 (1759397765645)
2025-10-28 08:19:45,060 [FATAL] Updater:351 - Updater called before beeing initialized
2025-10-28 08:19:45,184 [WARN] DetailPanel:346 - Failed to get advertising image, set to default
2025-10-28 08:19:45,478 [FATAL] Updater:351 - Updater called before beeing initialized
2025-10-28 08:19:45,483 [FATAL] Updater:351 - Updater called before beeing initialized
2025-10-28 08:19:45,483 [FATAL] Updater:351 - Updater called before beeing initialized
2025-10-28 08:19:45,483 [WARN] DetailPanel:346 - Failed to get advertising image, set to default
2025-10-28 08:19:45,487 [FATAL] Updater:351 - Updater called before beeing initialized
2025-10-28 08:19:45,683 [ERROR] Updater:1198 - MainUpdater not yet initialized. External WinMGr cannot be set.
2025-10-28 08:19:45,689 [INFO] Updater:1134 - Updater Version found : 6.15.0
2025-10-28 08:19:45,726 [INFO] ApplicationProperties:184 - Using Application install path: C:\ST\STM32CubeIDE_1.19.0\STM32CubeIDE\plugins\com.st.stm32cube.common.mx_6.15.0.202507011659
2025-10-28 08:19:47,373 [ERROR] LogOutputStream:75 - [STDERR_REDIRECT] Oct 28, 2025 8:19:47 AM java.util.prefs.WindowsPreferences <init>
2025-10-28 08:19:47,375 [ERROR] LogOutputStream:75 - [STDERR_REDIRECT] WARNING: Could not open/create prefs root node Software\JavaSoft\Prefs at root 0xffffffff80000002. Windows RegCreateKeyEx(...) returned error code 5.
2025-10-28 08:19:47,379 [ERROR] LogOutputStream:75 - [STDERR_REDIRECT] 
2025-10-28 08:19:47,964 [FATAL] Updater:351 - Updater called before beeing initialized
2025-10-28 08:19:47,964 [ERROR] IntegrityCheckThread:130 - Cannot retrieve database content from updater: error 21
2025-10-28 08:19:47,964 [INFO] ThirdParty:978 - Integrity check success = false
2025-10-28 08:19:47,964 [INFO] IntegrityCheckThread:100 - exiting critical section [integrity check]
2025-10-28 08:19:47,964 [INFO] IntegrityCheckThread:103 - End integrity checks thread
2025-10-28 08:19:48,364 [INFO] MainUpdater:2872 - connection check result : 10
2025-10-28 08:19:48,368 [INFO] MainUpdater:289 - Updater Check For Update Now.
2025-10-28 08:19:48,368 [INFO] MicroXplorer:498 - Change Database Version : DB.6.0.150
2025-10-28 08:19:48,386 [INFO] McuFinderGlobals:63 - Set McuFinder mode to 2 (CubeIDE integrated)
2025-10-28 08:19:48,390 [INFO] UserAuth:487 - Internet connection configuration mode: 1
2025-10-28 08:19:48,444 [INFO] JxBrowserEngine:152 - Initiate JxBrowser Engine with user profile folder
2025-10-28 08:19:48,736 [INFO] CheckServerUpdateThread:120 - End of CheckServer Thread
2025-10-28 08:19:50,113 [INFO] WebApp:169 - Instantiating new browser for Auth
2025-10-28 08:19:51,661 [INFO] WebApp:463 - Apply proxy settings
2025-10-28 08:19:51,661 [INFO] WebApp:548 - Chromium requires no authentication
2025-10-28 08:19:51,683 [INFO] WebApp:491 - Direct internet connection detected
2025-10-28 08:19:51,748 [INFO] WebApp:900 - Register for checkConnection events
2025-10-28 08:19:51,748 [INFO] WebApp:463 - Apply proxy settings
2025-10-28 08:19:51,748 [INFO] WebApp:548 - Chromium requires no authentication
2025-10-28 08:19:51,750 [INFO] WebApp:491 - Direct internet connection detected
2025-10-28 08:19:52,239 [INFO] WebApp:225 - Starting web application
2025-10-28 08:19:52,240 [INFO] WebApp:593 - Web application path used C:\ST\STM32CubeIDE_1.19.0\STM32CubeIDE\plugins\com.st.stm32cube.common.mx_6.15.0.202507011659\db\plugins\mcufinder\reactClient1\index.html
2025-10-28 08:19:52,288 [INFO] WebApp:191 - Connection restablished
2025-10-28 08:19:52,406 [INFO] UserAuth:487 - Internet connection configuration mode: 1
2025-10-28 08:58:08,188 [ERROR] LogOutputStream:75 - [STDERR_REDIRECT] 
2025-10-28 08:58:08,192 [ERROR] LogOutputStream:75 - [STDERR_REDIRECT] 
