2025-10-29 08:28:04,395 [INFO] Activator:176 - 


2025-10-29 08:28:04,400 [INFO] Activator:177 - !SESSION log4j initialized
2025-10-29 08:28:14,242 [INFO] LogOutputStream:77 - [STDOUT_REDIRECT] 
2025-10-29 08:28:19,154 [INFO] ApplicationProperties:184 - Using Application install path: C:\ST\STM32CubeIDE_1.19.0\STM32CubeIDE\plugins\com.st.stm32cube.common.mx_6.15.0.202507011659
2025-10-29 08:28:19,201 [INFO] DbMcusXml:78 - Set database path to: C:\ST\STM32CubeIDE_1.19.0\STM32CubeIDE\plugins\com.st.stm32cube.common.mx_6.15.0.202507011659\\db\/mcu/
2025-10-29 08:28:19,202 [INFO] ApiDb:274 - Set plugin database path to: C:\ST\STM32CubeIDE_1.19.0\STM32CubeIDE\plugins\com.st.stm32cube.common.mx_6.15.0.202507011659\\db\/plugins/boardmanager/
2025-10-29 08:28:19,203 [WARN] ApiDb:259 - Overriding images path with different value:  => C:\ST\STM32CubeIDE_1.19.0\STM32CubeIDE\plugins\com.st.stm32cube.common.mx_6.15.0.202507011659\\db\/plugins/mcufinder/images/
2025-10-29 08:28:19,228 [INFO] ApiDb:250 - Set database path to: C:\Users\VAISHNAVI\.stmcufinder\plugins\mcufinder//mcu/
2025-10-29 08:28:19,232 [INFO] DbMcusAds:125 - Set database path to: C:\Users\VAISHNAVI\.stmcufinder\plugins\mcufinder//mcu/
2025-10-29 08:28:19,239 [INFO] CrossReferenceDbSqlite:203 - Set database path to: C:\Users\VAISHNAVI\.stmcufinder\plugins\mcufinder//mcu/cs/
2025-10-29 08:28:19,531 [INFO] RulesReader:64 - Compatibility file has been processed (317 Rules)
2025-10-29 08:28:19,704 [INFO] DbMcusXml:78 - Set database path to: C:\ST\STM32CubeIDE_1.19.0\STM32CubeIDE\plugins\com.st.stm32cube.common.mx_6.15.0.202507011659\\db\/mcu/
2025-10-29 08:28:19,704 [INFO] ApiDb:274 - Set plugin database path to: C:\ST\STM32CubeIDE_1.19.0\STM32CubeIDE\plugins\com.st.stm32cube.common.mx_6.15.0.202507011659\\db\/plugins/boardmanager/
2025-10-29 08:28:19,704 [INFO] ApiDb:261 - Set plugin images path to: C:\ST\STM32CubeIDE_1.19.0\STM32CubeIDE\plugins\com.st.stm32cube.common.mx_6.15.0.202507011659\\db\/plugins/mcufinder/images/
2025-10-29 08:28:19,705 [WARN] DbFile:41 - Overriding database path with different value: C:\Users\VAISHNAVI\.stmcufinder\plugins\mcufinder/ => C:\Users\VAISHNAVI\.stmcufinder\plugins\mcufinder
2025-10-29 08:28:19,705 [INFO] ApiDb:250 - Set database path to: C:\Users\VAISHNAVI\.stmcufinder\plugins\mcufinder//mcu/
2025-10-29 08:28:19,705 [WARN] DbFile:41 - Overriding database path with different value: C:\Users\VAISHNAVI\.stmcufinder\plugins\mcufinder/ => C:\Users\VAISHNAVI\.stmcufinder\plugins\mcufinder
2025-10-29 08:28:19,705 [INFO] DbMcusAds:125 - Set database path to: C:\Users\VAISHNAVI\.stmcufinder\plugins\mcufinder//mcu/
2025-10-29 08:28:19,705 [WARN] DbFile:41 - Overriding database path with different value: C:\Users\VAISHNAVI\.stmcufinder\plugins\mcufinder/ => C:\Users\VAISHNAVI\.stmcufinder\plugins\mcufinder
2025-10-29 08:28:19,705 [WARN] DbFile:41 - Overriding database path with different value: C:\Users\VAISHNAVI\.stmcufinder\plugins\mcufinder/ => C:\Users\VAISHNAVI\.stmcufinder\plugins\mcufinder
2025-10-29 08:28:19,705 [INFO] CrossReferenceDbSqlite:203 - Set database path to: C:\Users\VAISHNAVI\.stmcufinder\plugins\mcufinder//mcu/cs/
2025-10-29 08:28:19,942 [INFO] MainPanel:274 - HeapMemory: 268435456
2025-10-29 08:28:20,348 [INFO] DbMcusXml:78 - Set database path to: C:\ST\STM32CubeIDE_1.19.0\STM32CubeIDE\plugins\com.st.stm32cube.common.mx_6.15.0.202507011659\\db\/mcu/
2025-10-29 08:28:20,348 [INFO] ApiDb:274 - Set plugin database path to: C:\ST\STM32CubeIDE_1.19.0\STM32CubeIDE\plugins\com.st.stm32cube.common.mx_6.15.0.202507011659\\db\/plugins/boardmanager/
2025-10-29 08:28:20,349 [INFO] ApiDb:261 - Set plugin images path to: C:\ST\STM32CubeIDE_1.19.0\STM32CubeIDE\plugins\com.st.stm32cube.common.mx_6.15.0.202507011659\\db\/plugins/mcufinder/images/
2025-10-29 08:28:20,350 [WARN] DbFile:41 - Overriding database path with different value: C:\Users\VAISHNAVI\.stmcufinder\plugins\mcufinder/ => C:\Users\VAISHNAVI\.stmcufinder\plugins\mcufinder
2025-10-29 08:28:20,350 [INFO] ApiDb:250 - Set database path to: C:\Users\VAISHNAVI\.stmcufinder\plugins\mcufinder//mcu/
2025-10-29 08:28:20,351 [WARN] DbFile:41 - Overriding database path with different value: C:\Users\VAISHNAVI\.stmcufinder\plugins\mcufinder/ => C:\Users\VAISHNAVI\.stmcufinder\plugins\mcufinder
2025-10-29 08:28:20,352 [INFO] DbMcusAds:125 - Set database path to: C:\Users\VAISHNAVI\.stmcufinder\plugins\mcufinder//mcu/
2025-10-29 08:28:20,352 [WARN] DbFile:41 - Overriding database path with different value: C:\Users\VAISHNAVI\.stmcufinder\plugins\mcufinder/ => C:\Users\VAISHNAVI\.stmcufinder\plugins\mcufinder
2025-10-29 08:28:20,352 [WARN] DbFile:41 - Overriding database path with different value: C:\Users\VAISHNAVI\.stmcufinder\plugins\mcufinder/ => C:\Users\VAISHNAVI\.stmcufinder\plugins\mcufinder
2025-10-29 08:28:20,353 [INFO] CrossReferenceDbSqlite:203 - Set database path to: C:\Users\VAISHNAVI\.stmcufinder\plugins\mcufinder//mcu/cs/
2025-10-29 08:28:20,430 [INFO] ApplicationProperties:184 - Using Application install path: C:\ST\STM32CubeIDE_1.19.0\STM32CubeIDE\plugins\com.st.stm32cube.common.mx_6.15.0.202507011659
2025-10-29 08:28:20,434 [INFO] PluginManage:196 - Search for loadable plugins [exclusion list=, ]
2025-10-29 08:28:20,437 [INFO] PluginManage:310 - Check plugin analytics
2025-10-29 08:28:20,822 [INFO] AnalyticsPlugin:253 - Accepted Software Licenses: 
2025-10-29 08:28:20,822 [INFO] AnalyticsPlugin:255 - Accepted CMSIS Pack Licenses: 
2025-10-29 08:28:20,822 [INFO] AnalyticsPlugin:257 - Accepted Firmware Licenses: FW.F4.1.28.0
2025-10-29 08:28:20,829 [INFO] PluginManage:359 - Loaded plugin analytics (category:tool,tabindex:-1)
2025-10-29 08:28:20,829 [INFO] PluginManage:310 - Check plugin cadmodel
2025-10-29 08:28:20,861 [INFO] CADModel:105 - Init CAD model plugin
2025-10-29 08:28:20,861 [INFO] PluginManage:359 - Loaded plugin cadmodel (category:power,tabindex:5)
2025-10-29 08:28:20,862 [INFO] PluginManage:310 - Check plugin clock
2025-10-29 08:28:20,891 [INFO] PluginManage:359 - Loaded plugin clock (category:base,tabindex:2)
2025-10-29 08:28:20,891 [INFO] PluginManage:310 - Check plugin ddr
2025-10-29 08:28:20,894 [INFO] PluginManage:359 - Loaded plugin ddr (category:tool,tabindex:6)
2025-10-29 08:28:20,895 [INFO] PluginManage:310 - Check plugin filemanager
2025-10-29 08:28:21,174 [INFO] PluginManage:359 - Loaded plugin filemanager (category:base,tabindex:10)
2025-10-29 08:28:21,175 [INFO] PluginManage:310 - Check plugin ipmanager
2025-10-29 08:28:21,189 [INFO] PluginManage:359 - Loaded plugin ipmanager (category:base,tabindex:5)
2025-10-29 08:28:21,189 [INFO] PluginManage:310 - Check plugin lpbam
2025-10-29 08:28:21,644 [INFO] PluginManage:359 - Loaded plugin lpbam (category:base,tabindex:0)
2025-10-29 08:28:21,644 [INFO] PluginManage:310 - Check plugin memorymap
2025-10-29 08:28:22,046 [INFO] PluginManage:359 - Loaded plugin memorymap (category:base,tabindex:4)
2025-10-29 08:28:22,047 [INFO] PluginManage:310 - Check plugin pinoutandconfiguration
2025-10-29 08:28:22,079 [INFO] PluginManage:359 - Loaded plugin pinoutandconfiguration (category:base,tabindex:1)
2025-10-29 08:28:22,079 [INFO] PluginManage:310 - Check plugin pinoutconfig
2025-10-29 08:28:22,217 [WARN] SupportedApi:132 - Cannot load RTOS API schema: s4s-elt-must-match.1: The content of 'definitions' must match (annotation?, (simpleType | complexType)?, (unique | key | keyref)*)). A problem was found starting at: attribute.
2025-10-29 08:28:22,423 [INFO] PluginManage:359 - Loaded plugin pinoutconfig (category:base,tabindex:0)
2025-10-29 08:28:22,423 [INFO] PluginManage:310 - Check plugin power
2025-10-29 08:28:22,486 [INFO] PluginManage:359 - Loaded plugin power (category:power,tabindex:4)
2025-10-29 08:28:22,487 [INFO] PluginManage:310 - Check plugin projectmanager
2025-10-29 08:28:22,509 [INFO] PluginManage:359 - Loaded plugin projectmanager (category:projectmanager,tabindex:4)
2025-10-29 08:28:22,509 [INFO] PluginManage:310 - Check plugin rif
2025-10-29 08:28:22,534 [INFO] PluginManage:359 - Loaded plugin rif (category:base,tabindex:3)
2025-10-29 08:28:22,535 [INFO] PluginManage:310 - Check plugin thirdparty
2025-10-29 08:28:22,873 [INFO] PluginManage:359 - Loaded plugin thirdparty (category:base,tabindex:-1)
2025-10-29 08:28:22,873 [WARN] IntegrityCheckThread:84 - waiting for thirdparty lock release [integrity check]
2025-10-29 08:28:22,873 [INFO] PluginManage:310 - Check plugin tools
2025-10-29 08:28:22,873 [INFO] IntegrityCheckThread:86 - entering critical section [integrity check]
2025-10-29 08:28:22,873 [INFO] ThirdPartyUpdaterWithRetryManager:70 - Updater plugin not ready yet. [1/15]
2025-10-29 08:28:22,921 [INFO] PluginManage:359 - Loaded plugin tools (category:base,tabindex:7)
2025-10-29 08:28:22,921 [INFO] PluginManage:310 - Check plugin tutovideos
2025-10-29 08:28:23,354 [INFO] PluginManage:359 - Loaded plugin tutovideos (category:base,tabindex:-1)
2025-10-29 08:28:23,354 [INFO] PluginManage:310 - Check plugin updater
2025-10-29 08:28:23,378 [INFO] PluginManage:359 - Loaded plugin updater (category:base,tabindex:12)
2025-10-29 08:28:23,378 [INFO] PluginManage:310 - Check plugin userauth
2025-10-29 08:28:23,383 [INFO] UserAuth:118 - Init User Auth plugin
2025-10-29 08:28:23,384 [INFO] PluginManage:359 - Loaded plugin userauth (category:base,tabindex:14)
2025-10-29 08:28:23,384 [INFO] PluginManage:283 - PluginManage : Loaded plugins [18]
2025-10-29 08:28:23,662 [INFO] PinOutPanel:1589 - setPackage(No Configuration,No Configuration)
2025-10-29 08:28:23,760 [INFO] CADModel:165 - CPN selected for project level
2025-10-29 08:28:23,760 [INFO] CADModel:114 - Register for checkConnection events
2025-10-29 08:28:23,910 [INFO] IPUIPlugin:80 - create IPUIPlugin
2025-10-29 08:28:23,910 [INFO] PluginManager:220 - loadIPPluginJar : add adc
2025-10-29 08:28:23,952 [INFO] IPUIPlugin:80 - create IPUIPlugin
2025-10-29 08:28:23,952 [INFO] PluginManager:220 - loadIPPluginJar : add aes
2025-10-29 08:28:23,999 [INFO] IPUIPlugin:80 - create IPUIPlugin
2025-10-29 08:28:23,999 [INFO] PluginManager:220 - loadIPPluginJar : add can
2025-10-29 08:28:24,032 [INFO] IPUIPlugin:80 - create IPUIPlugin
2025-10-29 08:28:24,032 [INFO] PluginManager:220 - loadIPPluginJar : add comp
2025-10-29 08:28:24,072 [INFO] IPUIPlugin:80 - create IPUIPlugin
2025-10-29 08:28:24,072 [INFO] PluginManager:220 - loadIPPluginJar : add cryp
2025-10-29 08:28:24,087 [INFO] IPUIPlugin:80 - create IPUIPlugin
2025-10-29 08:28:24,087 [INFO] PluginManager:220 - loadIPPluginJar : add ddr_ctrl_phy
2025-10-29 08:28:24,128 [INFO] IPUIPlugin:80 - create IPUIPlugin
2025-10-29 08:28:24,128 [INFO] PluginManager:220 - loadIPPluginJar : add dfsdm
2025-10-29 08:28:24,239 [INFO] IPUIPlugin:80 - create IPUIPlugin
2025-10-29 08:28:24,239 [INFO] PluginManager:220 - loadIPPluginJar : add dma
2025-10-29 08:28:24,292 [INFO] IPUIPlugin:80 - create IPUIPlugin
2025-10-29 08:28:24,292 [INFO] PluginManager:220 - loadIPPluginJar : add dma3
2025-10-29 08:28:24,344 [INFO] IPUIPlugin:80 - create IPUIPlugin
2025-10-29 08:28:24,344 [INFO] PluginManager:220 - loadIPPluginJar : add extmemmanager
2025-10-29 08:28:24,374 [INFO] IPUIPlugin:80 - create IPUIPlugin
2025-10-29 08:28:24,374 [INFO] PluginManager:220 - loadIPPluginJar : add fatfs
2025-10-29 08:28:24,428 [INFO] IPUIPlugin:80 - create IPUIPlugin
2025-10-29 08:28:24,429 [INFO] PluginManager:220 - loadIPPluginJar : add fmc
2025-10-29 08:28:24,449 [INFO] IPUIPlugin:80 - create IPUIPlugin
2025-10-29 08:28:24,450 [INFO] PluginManager:220 - loadIPPluginJar : add freertos
2025-10-29 08:28:24,476 [INFO] IPUIPlugin:80 - create IPUIPlugin
2025-10-29 08:28:24,476 [INFO] PluginManager:220 - loadIPPluginJar : add genericplugin
2025-10-29 08:28:24,577 [INFO] IPUIPlugin:80 - create IPUIPlugin
2025-10-29 08:28:24,579 [INFO] PluginManager:220 - loadIPPluginJar : add gfxmmu
2025-10-29 08:28:24,734 [INFO] IPUIPlugin:80 - create IPUIPlugin
2025-10-29 08:28:24,734 [INFO] PluginManager:220 - loadIPPluginJar : add gic
2025-10-29 08:28:25,011 [INFO] IPUIPlugin:80 - create IPUIPlugin
2025-10-29 08:28:25,011 [INFO] PluginManager:220 - loadIPPluginJar : add gpio
2025-10-29 08:28:25,097 [INFO] IPUIPlugin:80 - create IPUIPlugin
2025-10-29 08:28:25,098 [INFO] PluginManager:220 - loadIPPluginJar : add gtzc
2025-10-29 08:28:25,141 [INFO] IPUIPlugin:80 - create IPUIPlugin
2025-10-29 08:28:25,141 [INFO] PluginManager:220 - loadIPPluginJar : add hash
2025-10-29 08:28:25,199 [INFO] IPUIPlugin:80 - create IPUIPlugin
2025-10-29 08:28:25,199 [INFO] PluginManager:220 - loadIPPluginJar : add i2c
2025-10-29 08:28:25,245 [INFO] IPUIPlugin:80 - create IPUIPlugin
2025-10-29 08:28:25,245 [INFO] PluginManager:220 - loadIPPluginJar : add i2s
2025-10-29 08:28:25,292 [INFO] IPUIPlugin:80 - create IPUIPlugin
2025-10-29 08:28:25,292 [INFO] PluginManager:220 - loadIPPluginJar : add i3c
2025-10-29 08:28:25,380 [INFO] IPUIPlugin:80 - create IPUIPlugin
2025-10-29 08:28:25,380 [INFO] PluginManager:220 - loadIPPluginJar : add ipddr
2025-10-29 08:28:25,505 [INFO] IPUIPlugin:80 - create IPUIPlugin
2025-10-29 08:28:25,505 [INFO] PluginManager:220 - loadIPPluginJar : add linkedlist
2025-10-29 08:28:25,556 [INFO] IPUIPlugin:80 - create IPUIPlugin
2025-10-29 08:28:25,556 [INFO] PluginManager:220 - loadIPPluginJar : add lorawan
2025-10-29 08:28:25,603 [INFO] IPUIPlugin:80 - create IPUIPlugin
2025-10-29 08:28:25,603 [INFO] PluginManager:220 - loadIPPluginJar : add ltdc
2025-10-29 08:28:25,867 [INFO] IPUIPlugin:80 - create IPUIPlugin
2025-10-29 08:28:25,867 [INFO] PluginManager:220 - loadIPPluginJar : add mdma
2025-10-29 08:28:25,875 [INFO] ThirdPartyUpdaterWithRetryManager:70 - Updater plugin not ready yet. [2/15]
2025-10-29 08:28:26,121 [INFO] IPUIPlugin:80 - create IPUIPlugin
2025-10-29 08:28:26,121 [INFO] PluginManager:220 - loadIPPluginJar : add nvic
2025-10-29 08:28:26,163 [INFO] IPUIPlugin:80 - create IPUIPlugin
2025-10-29 08:28:26,163 [INFO] PluginManager:220 - loadIPPluginJar : add opamp
2025-10-29 08:28:26,224 [INFO] IPUIPlugin:80 - create IPUIPlugin
2025-10-29 08:28:26,224 [INFO] PluginManager:220 - loadIPPluginJar : add openamp
2025-10-29 08:28:26,273 [INFO] IPUIPlugin:80 - create IPUIPlugin
2025-10-29 08:28:26,273 [INFO] PluginManager:220 - loadIPPluginJar : add pdm2pcm
2025-10-29 08:28:26,513 [INFO] IPUIPlugin:80 - create IPUIPlugin
2025-10-29 08:28:26,518 [INFO] PluginManager:220 - loadIPPluginJar : add plateformsettings
2025-10-29 08:28:26,545 [INFO] IPUIPlugin:80 - create IPUIPlugin
2025-10-29 08:28:26,545 [INFO] PluginManager:220 - loadIPPluginJar : add quadspi
2025-10-29 08:28:26,581 [INFO] IPUIPlugin:80 - create IPUIPlugin
2025-10-29 08:28:26,582 [INFO] PluginManager:220 - loadIPPluginJar : add radio
2025-10-29 08:28:26,600 [INFO] IPUIPlugin:80 - create IPUIPlugin
2025-10-29 08:28:26,600 [INFO] PluginManager:220 - loadIPPluginJar : add resmgrutility
2025-10-29 08:28:26,659 [INFO] IPUIPlugin:80 - create IPUIPlugin
2025-10-29 08:28:26,659 [INFO] PluginManager:220 - loadIPPluginJar : add sai
2025-10-29 08:28:26,705 [INFO] IPUIPlugin:80 - create IPUIPlugin
2025-10-29 08:28:26,705 [INFO] PluginManager:220 - loadIPPluginJar : add spi
2025-10-29 08:28:26,770 [INFO] IPUIPlugin:80 - create IPUIPlugin
2025-10-29 08:28:26,770 [INFO] PluginManager:220 - loadIPPluginJar : add stm32_wpan
2025-10-29 08:28:26,797 [INFO] IPUIPlugin:80 - create IPUIPlugin
2025-10-29 08:28:26,797 [INFO] PluginManager:220 - loadIPPluginJar : add tim
2025-10-29 08:28:26,878 [INFO] IPUIPlugin:80 - create IPUIPlugin
2025-10-29 08:28:26,878 [INFO] PluginManager:220 - loadIPPluginJar : add touchsensing
2025-10-29 08:28:26,910 [INFO] IPUIPlugin:80 - create IPUIPlugin
2025-10-29 08:28:26,910 [INFO] PluginManager:220 - loadIPPluginJar : add tracer_emb
2025-10-29 08:28:26,942 [INFO] IPUIPlugin:80 - create IPUIPlugin
2025-10-29 08:28:26,943 [INFO] PluginManager:220 - loadIPPluginJar : add ts
2025-10-29 08:28:26,972 [INFO] IPUIPlugin:80 - create IPUIPlugin
2025-10-29 08:28:26,972 [INFO] PluginManager:220 - loadIPPluginJar : add tsc
2025-10-29 08:28:27,030 [INFO] IPUIPlugin:80 - create IPUIPlugin
2025-10-29 08:28:27,030 [INFO] PluginManager:220 - loadIPPluginJar : add ucpd
2025-10-29 08:28:27,102 [INFO] IPUIPlugin:80 - create IPUIPlugin
2025-10-29 08:28:27,102 [INFO] PluginManager:220 - loadIPPluginJar : add usart
2025-10-29 08:28:27,148 [INFO] IPUIPlugin:80 - create IPUIPlugin
2025-10-29 08:28:27,148 [INFO] PluginManager:220 - loadIPPluginJar : add usbx
2025-10-29 08:28:27,312 [FATAL] Updater:351 - Updater called before beeing initialized
2025-10-29 08:28:27,354 [INFO] RulesReader:64 - Compatibility file has been processed (317 Rules)
2025-10-29 08:28:27,372 [INFO] RulesReader:64 - Compatibility file has been processed (317 Rules)
2025-10-29 08:28:27,382 [INFO] CADModel:165 - CPN selected for project level
2025-10-29 08:28:27,382 [INFO] CADModel:114 - Register for checkConnection events
2025-10-29 08:28:27,382 [FATAL] Updater:351 - Updater called before beeing initialized
2025-10-29 08:28:27,382 [ERROR] CADModel:125 - Updater not yet initialized, retry later 
2025-10-29 08:28:27,573 [FATAL] Updater:351 - Updater called before beeing initialized
2025-10-29 08:28:27,576 [INFO] CADModel:165 - CPN selected for project level
2025-10-29 08:28:27,576 [INFO] CADModel:114 - Register for checkConnection events
2025-10-29 08:28:27,576 [FATAL] Updater:351 - Updater called before beeing initialized
2025-10-29 08:28:27,576 [ERROR] CADModel:125 - Updater not yet initialized, retry later 
2025-10-29 08:28:27,580 [FATAL] Updater:351 - Updater called before beeing initialized
2025-10-29 08:28:27,747 [FATAL] Updater:351 - Updater called before beeing initialized
2025-10-29 08:28:27,753 [INFO] DbMcusAds:53 - JSON generation date=Thu Oct 02 15:06:05 IST 2025 (1759397765645)
2025-10-29 08:28:27,753 [FATAL] Updater:351 - Updater called before beeing initialized
2025-10-29 08:28:27,986 [WARN] DetailPanel:346 - Failed to get advertising image, set to default
2025-10-29 08:28:28,106 [FATAL] Updater:351 - Updater called before beeing initialized
2025-10-29 08:28:28,108 [FATAL] Updater:351 - Updater called before beeing initialized
2025-10-29 08:28:28,108 [FATAL] Updater:351 - Updater called before beeing initialized
2025-10-29 08:28:28,108 [WARN] DetailPanel:346 - Failed to get advertising image, set to default
2025-10-29 08:28:28,109 [FATAL] Updater:351 - Updater called before beeing initialized
2025-10-29 08:28:28,182 [ERROR] Updater:1198 - MainUpdater not yet initialized. External WinMGr cannot be set.
2025-10-29 08:28:28,193 [INFO] Updater:1134 - Updater Version found : 6.15.0
2025-10-29 08:28:28,212 [INFO] ApplicationProperties:184 - Using Application install path: C:\ST\STM32CubeIDE_1.19.0\STM32CubeIDE\plugins\com.st.stm32cube.common.mx_6.15.0.202507011659
2025-10-29 08:28:28,876 [INFO] ThirdPartyUpdaterWithRetryManager:70 - Updater plugin not ready yet. [3/15]
2025-10-29 08:28:29,789 [ERROR] LogOutputStream:75 - [STDERR_REDIRECT] Oct 29, 2025 8:28:29 AM java.util.prefs.WindowsPreferences <init>
2025-10-29 08:28:29,790 [ERROR] LogOutputStream:75 - [STDERR_REDIRECT] WARNING: Could not open/create prefs root node Software\JavaSoft\Prefs at root 0xffffffff80000002. Windows RegCreateKeyEx(...) returned error code 5.
2025-10-29 08:28:29,791 [ERROR] LogOutputStream:75 - [STDERR_REDIRECT] 
2025-10-29 08:28:30,250 [INFO] MainUpdater:2872 - connection check result : 10
2025-10-29 08:28:30,251 [INFO] MainUpdater:289 - Updater Check For Update Now.
2025-10-29 08:28:30,251 [INFO] MicroXplorer:498 - Change Database Version : DB.6.0.150
2025-10-29 08:28:30,269 [INFO] McuFinderGlobals:63 - Set McuFinder mode to 2 (CubeIDE integrated)
2025-10-29 08:28:30,280 [INFO] UserAuth:487 - Internet connection configuration mode: 1
2025-10-29 08:28:30,305 [INFO] JxBrowserEngine:152 - Initiate JxBrowser Engine with user profile folder
2025-10-29 08:28:30,509 [INFO] CheckServerUpdateThread:120 - End of CheckServer Thread
2025-10-29 08:28:32,159 [WARN] PackLoader:240 - Cannot read IP mode file for STMicroelectronics.FP-SNS-MOTENVWB1.1.4.0
2025-10-29 08:28:32,180 [WARN] PackLoader:240 - Cannot read IP mode file for STMicroelectronics.FP-ATR-ASTRA1.2.0.2
2025-10-29 08:28:32,194 [WARN] PackLoader:240 - Cannot read IP mode file for STMicroelectronics.X-CUBE-SMBUS.2.1.0
2025-10-29 08:28:32,216 [WARN] PackLoader:240 - Cannot read IP mode file for STMicroelectronics.X-CUBE-ST60.1.0.0
2025-10-29 08:28:32,250 [WARN] PackLoader:240 - Cannot read IP mode file for STMicroelectronics.X-CUBE-AZRTOS-F7.1.1.0
2025-10-29 08:28:32,270 [WARN] PackLoader:240 - Cannot read IP mode file for Cesanta.I-CUBE-Mongoose.7.19.0
2025-10-29 08:28:32,302 [WARN] PackLoader:240 - Cannot read IP mode file for WES.I-CUBE-Cesium.1.4.0
2025-10-29 08:28:32,344 [WARN] PackLoader:240 - Cannot read IP mode file for STMicroelectronics.X-CUBE-AZRTOS-H7.3.4.0
2025-10-29 08:28:32,442 [WARN] PackLoader:240 - Cannot read IP mode file for STMicroelectronics.X-CUBE-DISPLAY.3.0.0
2025-10-29 08:28:32,478 [WARN] PackLoader:240 - Cannot read IP mode file for STMicroelectronics.X-CUBE-NFC10.1.0.0
2025-10-29 08:28:32,498 [WARN] PackLoader:240 - Cannot read IP mode file for STMicroelectronics.X-CUBE-ST60.1.1.0
2025-10-29 08:28:32,509 [WARN] PackLoader:240 - Cannot read IP mode file for emotas.I-CUBE-CANOPEN.1.3.0
2025-10-29 08:28:32,531 [WARN] PackLoader:240 - Cannot read IP mode file for STMicroelectronics.FP-SNS-STBOX1.2.1.0
2025-10-29 08:28:32,551 [WARN] PackLoader:240 - Cannot read IP mode file for STMicroelectronics.FP-SNS-SMARTAG2.1.2.0
2025-10-29 08:28:32,569 [WARN] PackLoader:240 - Cannot read IP mode file for STMicroelectronics.FP-SNS-FLIGHT1.5.1.0
2025-10-29 08:28:32,580 [INFO] LogOutputStream:77 - [STDOUT_REDIRECT] 1 : Invalid condition id : UX_CORESTACK_Condition cause : null
2025-10-29 08:28:32,580 [INFO] LogOutputStream:77 - [STDOUT_REDIRECT] 1 : Invalid condition id : UX_CORESTACK_Condition cause : null
2025-10-29 08:28:32,581 [INFO] LogOutputStream:77 - [STDOUT_REDIRECT] 1 : Invalid condition id : UX_CORESTACK_Condition cause : null
2025-10-29 08:28:32,583 [INFO] LogOutputStream:77 - [STDOUT_REDIRECT] 1 : Invalid condition id : UX_CORESTACK_Condition cause : null
2025-10-29 08:28:32,585 [INFO] LogOutputStream:77 - [STDOUT_REDIRECT] 1 : Invalid condition id : UX_CORESTACK_Condition cause : null
2025-10-29 08:28:32,588 [WARN] PackLoader:240 - Cannot read IP mode file for STMicroelectronics.X-CUBE-AZRTOS-WL.2.0.0
2025-10-29 08:28:32,607 [WARN] PackLoader:240 - Cannot read IP mode file for STMicroelectronics.FP-SNS-MOTENV1.5.0.0
2025-10-29 08:28:32,629 [WARN] PackLoader:240 - Cannot read IP mode file for STMicroelectronics.X-CUBE-BLE2.3.3.0
2025-10-29 08:28:32,653 [WARN] PackLoader:240 - Cannot read IP mode file for STMicroelectronics.X-CUBE-NFC9.1.0.0
2025-10-29 08:28:32,678 [WARN] PackLoader:240 - Cannot read IP mode file for wolfSSL.I-CUBE-wolfSSL.5.8.2
2025-10-29 08:28:32,700 [WARN] PackLoader:240 - Cannot read IP mode file for STMicroelectronics.X-CUBE-BLE1.7.1.0
2025-10-29 08:28:32,719 [WARN] PackLoader:240 - Cannot read IP mode file for wolfSSL.I-CUBE-wolfMQTT.1.19.2
2025-10-29 08:28:32,744 [WARN] PackLoader:240 - Cannot read IP mode file for STMicroelectronics.X-CUBE-EEPRMA1.5.2.0
2025-10-29 08:28:32,770 [WARN] PackLoader:240 - Cannot read IP mode file for STMicroelectronics.X-CUBE-ST67W61.1.1.0
2025-10-29 08:28:32,800 [WARN] PackLoader:240 - Cannot read IP mode file for STMicroelectronics.X-CUBE-AZRTOS-G0.1.1.0
2025-10-29 08:28:32,828 [WARN] PackLoader:240 - Cannot read IP mode file for STMicroelectronics.X-CUBE-SAFEA1.1.2.2
2025-10-29 08:28:32,860 [WARN] PackLoader:240 - Cannot read IP mode file for STMicroelectronics.X-CUBE-NFC4.3.0.0
2025-10-29 08:28:32,900 [WARN] PackLoader:240 - Cannot read IP mode file for EmbeddedOffice.I-CUBE-FS-RTOS.1.0.1
2025-10-29 08:28:32,920 [WARN] PackLoader:240 - Cannot read IP mode file for STMicroelectronics.X-CUBE-WB05N.2.0.0
2025-10-29 08:28:32,934 [WARN] PackLoader:240 - Cannot read IP mode file for wolfSSL.I-CUBE-wolfTPM.3.8.0
2025-10-29 08:28:32,945 [WARN] PackLoader:240 - Cannot read IP mode file for STMicroelectronics.X-CUBE-TCPP.4.2.0
2025-10-29 08:28:32,953 [WARN] PackLoader:240 - Cannot read IP mode file for RealThread.X-CUBE-RT-Thread_Nano.4.1.1
2025-10-29 08:28:32,984 [WARN] PackLoader:240 - Cannot read IP mode file for STMicroelectronics.FP-ATR-SIGFOX1.3.2.0
2025-10-29 08:28:33,009 [WARN] PackLoader:240 - Cannot read IP mode file for ITTIA_DB.I-CUBE-ITTIADB.8.9.0
2025-10-29 08:28:33,028 [WARN] PackLoader:240 - Cannot read IP mode file for STMicroelectronics.X-CUBE-ST67W61.1.0.0
2025-10-29 08:28:33,077 [WARN] PackLoader:240 - Cannot read IP mode file for STMicroelectronics.X-CUBE-AI.10.2.0
2025-10-29 08:28:33,130 [WARN] PackLoader:240 - Cannot read IP mode file for SEGGER.I-CUBE-embOS.1.3.1
2025-10-29 08:28:33,197 [WARN] PackLoader:240 - Cannot read IP mode file for STMicroelectronics.X-CUBE-ALGOBUILD.1.4.0
2025-10-29 08:28:33,276 [WARN] PackLoader:240 - Cannot read IP mode file for STMicroelectronics.X-CUBE-MEMS1.11.3.0
2025-10-29 08:28:33,368 [INFO] WebApp:169 - Instantiating new browser for Auth
2025-10-29 08:28:33,492 [WARN] PackLoader:240 - Cannot read IP mode file for STMicroelectronics.X-CUBE-PM33A1.1.0.0
2025-10-29 08:28:33,526 [WARN] PackLoader:240 - Cannot read IP mode file for STMicroelectronics.X-CUBE-AZRTOS-F4.1.1.0
2025-10-29 08:28:33,559 [WARN] PackLoader:240 - Cannot read IP mode file for STMicroelectronics.X-CUBE-ISPU.2.1.0
2025-10-29 08:28:33,599 [WARN] PackLoader:240 - Cannot read IP mode file for STMicroelectronics.X-CUBE-IPS.3.2.0
2025-10-29 08:28:33,637 [WARN] PackLoader:240 - Cannot read IP mode file for STMicroelectronics.X-CUBE-NFC12.1.0.0
2025-10-29 08:28:33,665 [WARN] PackLoader:240 - Cannot read IP mode file for STMicroelectronics.X-CUBE-AZRTOS-L5.2.0.0
2025-10-29 08:28:33,693 [WARN] PackLoader:240 - Cannot read IP mode file for STMicroelectronics.X-CUBE-NFC6.3.1.0
2025-10-29 08:28:33,728 [WARN] PackLoader:240 - Cannot read IP mode file for STMicroelectronics.X-CUBE-FREERTOS.1.3.1
2025-10-29 08:28:33,739 [WARN] PackLoader:240 - Cannot read IP mode file for STMicroelectronics.X-CUBE-TOUCHGFX.4.26.0
2025-10-29 08:28:33,763 [WARN] PackLoader:240 - Cannot read IP mode file for STMicroelectronics.FP-SNS-STAIOTCFT.1.0.0
2025-10-29 08:28:33,788 [WARN] PackLoader:240 - Cannot read IP mode file for STMicroelectronics.X-CUBE-DPower.1.3.0
2025-10-29 08:28:33,814 [WARN] ConditionMgr:438 - getConditionDescription Invalid condition id : LAN8742 Phy interface Condition cause : null
2025-10-29 08:28:33,816 [WARN] PackLoader:240 - Cannot read IP mode file for STMicroelectronics.X-CUBE-AZRTOS-L4.2.0.0
2025-10-29 08:28:33,817 [WARN] ConditionMgr:1044 - genDependencies : Invalid condition id : LAN8742 Phy interface Condition cause : null
2025-10-29 08:28:33,817 [WARN] ConditionMgr:1044 - genDependencies : Invalid condition id : LAN8742 Phy interface Condition cause : null
2025-10-29 08:28:33,817 [WARN] ConditionMgr:1044 - genDependencies : Invalid condition id : LAN8742 Phy interface Condition cause : null
2025-10-29 08:28:33,843 [WARN] PackLoader:240 - Cannot read IP mode file for STMicroelectronics.X-CUBE-SFXS2LP1.4.0.0
2025-10-29 08:28:33,877 [WARN] PackLoader:240 - Cannot read IP mode file for STMicroelectronics.X-CUBE-BLEMGR.4.1.0
2025-10-29 08:28:33,902 [WARN] ConditionMgr:438 - getConditionDescription Invalid condition id : UX DEVICE CLASS RTOS Condition cause : null
2025-10-29 08:28:33,902 [WARN] ConditionMgr:438 - getConditionDescription Invalid condition id : UX DEVICE CLASS RTOS Condition cause : null
2025-10-29 08:28:33,904 [WARN] PackLoader:240 - Cannot read IP mode file for STMicroelectronics.X-CUBE-AZRTOS-WB.2.0.0
2025-10-29 08:28:33,905 [WARN] ConditionMgr:1044 - genDependencies : Invalid condition id : UX DEVICE CLASS RTOS Condition cause : null
2025-10-29 08:28:33,906 [WARN] ConditionMgr:1044 - genDependencies : Invalid condition id : UX DEVICE CLASS RTOS Condition cause : null
2025-10-29 08:28:33,906 [WARN] ConditionMgr:1044 - genDependencies : Invalid condition id : UX DEVICE CLASS RTOS Condition cause : null
2025-10-29 08:28:33,907 [WARN] ConditionMgr:1044 - genDependencies : Invalid condition id : UX DEVICE CLASS RTOS Condition cause : null
2025-10-29 08:28:33,907 [WARN] ConditionMgr:1044 - genDependencies : Invalid condition id : UX DEVICE CLASS RTOS Condition cause : null
2025-10-29 08:28:33,926 [WARN] PackLoader:240 - Cannot read IP mode file for STMicroelectronics.X-CUBE-GNSS1.7.0.1
2025-10-29 08:28:33,936 [WARN] ConditionMgr:438 - getConditionDescription Invalid condition id : Cortex-A Device cause : null
2025-10-29 08:28:33,953 [WARN] ConditionMgr:1044 - genDependencies : Invalid condition id : Cortex-A Device cause : null
2025-10-29 08:28:33,953 [WARN] ConditionMgr:1044 - genDependencies : Invalid condition id : Cortex-A Device cause : null
2025-10-29 08:28:33,953 [WARN] ConditionMgr:1044 - genDependencies : Invalid condition id : Cortex-A Device cause : null
2025-10-29 08:28:33,992 [WARN] PackLoader:240 - Cannot read IP mode file for STMicroelectronics.X-CUBE-SUBG2.5.0.0
2025-10-29 08:28:34,069 [WARN] PackLoader:240 - Cannot read IP mode file for STMicroelectronics.X-CUBE-AZRTOS-H7RS.1.1.0
2025-10-29 08:28:34,115 [WARN] PackLoader:240 - Cannot read IP mode file for STMicroelectronics.X-CUBE-AZRTOS-G4.2.0.0
2025-10-29 08:28:34,141 [WARN] PackLoader:240 - Cannot read IP mode file for wolfSSL.I-CUBE-wolfSSH.1.4.20
2025-10-29 08:28:34,162 [WARN] PackLoader:240 - Cannot read IP mode file for STMicroelectronics.X-CUBE-NFC7.2.0.0
2025-10-29 08:28:34,196 [WARN] PackLoader:240 - Cannot read IP mode file for STMicroelectronics.X-CUBE-IPS.3.1.0
2025-10-29 08:28:34,237 [WARN] PackLoader:240 - Cannot read IP mode file for STMicroelectronics.X-CUBE-ALS.1.0.2
2025-10-29 08:28:34,269 [WARN] PackLoader:240 - Cannot read IP mode file for STMicroelectronics.X-CUBE-STSE01.1.0.0
2025-10-29 08:28:34,290 [WARN] PackLoader:240 - Cannot read IP mode file for STMicroelectronics.X-CUBE-TOF1.3.4.3
2025-10-29 08:28:34,304 [INFO] ThirdParty:978 - Integrity check success = true
2025-10-29 08:28:34,304 [INFO] IntegrityCheckThread:100 - exiting critical section [integrity check]
2025-10-29 08:28:34,305 [INFO] IntegrityCheckThread:103 - End integrity checks thread
2025-10-29 08:28:34,695 [INFO] WebApp:463 - Apply proxy settings
2025-10-29 08:28:34,697 [INFO] WebApp:548 - Chromium requires no authentication
2025-10-29 08:28:34,708 [INFO] WebApp:491 - Direct internet connection detected
2025-10-29 08:28:34,742 [INFO] WebApp:900 - Register for checkConnection events
2025-10-29 08:28:34,742 [INFO] WebApp:463 - Apply proxy settings
2025-10-29 08:28:34,743 [INFO] WebApp:548 - Chromium requires no authentication
2025-10-29 08:28:34,744 [INFO] WebApp:491 - Direct internet connection detected
2025-10-29 08:28:35,061 [INFO] WebApp:225 - Starting web application
2025-10-29 08:28:35,061 [INFO] WebApp:593 - Web application path used C:\ST\STM32CubeIDE_1.19.0\STM32CubeIDE\plugins\com.st.stm32cube.common.mx_6.15.0.202507011659\db\plugins\mcufinder\reactClient1\index.html
2025-10-29 08:28:35,213 [INFO] UserAuth:487 - Internet connection configuration mode: 1
2025-10-29 08:28:37,066 [INFO] WebApp:191 - Connection restablished
2025-10-29 08:49:08,146 [INFO] WebApp:403 - JxBrowser engine has been closed 
2025-10-29 08:49:12,317 [ERROR] LogOutputStream:75 - [STDERR_REDIRECT] [Fatal Error] :1:1: Premature end of file.
2025-10-29 08:49:12,317 [ERROR] LogOutputStream:75 - [STDERR_REDIRECT] 
2025-10-29 08:49:13,297 [ERROR] LogOutputStream:75 - [STDERR_REDIRECT] [Fatal Error] :1:1: Premature end of file.
2025-10-29 08:49:13,298 [ERROR] LogOutputStream:75 - [STDERR_REDIRECT] 
2025-10-29 08:49:14,290 [ERROR] LogOutputStream:75 - [STDERR_REDIRECT] [Fatal Error] :1:1: Premature end of file.
2025-10-29 08:49:14,290 [ERROR] LogOutputStream:75 - [STDERR_REDIRECT] 
2025-10-29 08:49:15,288 [ERROR] LogOutputStream:75 - [STDERR_REDIRECT] [Fatal Error] :1:1: Premature end of file.
2025-10-29 08:49:15,288 [ERROR] LogOutputStream:75 - [STDERR_REDIRECT] 
2025-10-29 08:49:16,288 [ERROR] LogOutputStream:75 - [STDERR_REDIRECT] [Fatal Error] :1:1: Premature end of file.
2025-10-29 08:49:16,288 [ERROR] LogOutputStream:75 - [STDERR_REDIRECT] 
2025-10-29 08:49:17,290 [ERROR] LogOutputStream:75 - [STDERR_REDIRECT] [Fatal Error] :1:1: Premature end of file.
2025-10-29 08:49:17,290 [ERROR] LogOutputStream:75 - [STDERR_REDIRECT] 
